<?xml version="1.0" encoding="UTF-8"?>
<!-- Generated by org.testng.reporters.JUnitReportReporter -->
<testsuite hostname="MSI" failures="0" tests="1" name="com.RaidioButtons.RadioButtonsTesting" time="16.298" errors="0" timestamp="2023-05-22T23:29:27 IST" skipped="0">
  <testcase classname="com.RaidioButtons.RadioButtonsTesting" name="radioButtonsTesting" time="16.298"/>
  <system-out/>
</testsuite> <!-- com.RaidioButtons.RadioButtonsTesting -->
