<?xml version="1.0" encoding="UTF-8"?>
<!-- Generated by org.testng.reporters.JUnitReportReporter -->
<testsuite hostname="MSI" failures="0" tests="1" name="com.Rediff.FullName" time="10.119" errors="0" timestamp="2023-05-24T17:13:24 IST" skipped="0">
  <testcase classname="com.Rediff.FullName" name="fullNameTest" time="10.119"/>
  <system-out/>
</testsuite> <!-- com.Rediff.FullName -->
