<?xml version="1.0" encoding="UTF-8"?>
<!-- Generated by org.testng.reporters.JUnitReportReporter -->
<testsuite hostname="MSI" failures="0" tests="3" name="com.OrangeHRMApplicationWebPagesTests.OrangeHRMLogInPageTest" time="10.815" errors="0" timestamp="2023-05-28T00:24:12 IST" skipped="0">
  <testcase classname="com.OrangeHRMApplicationWebPagesTests.OrangeHRMLogInPageTest" name="validatingLogInPageTextTest" time="2.180"/>
  <system-out/>
  <testcase classname="com.OrangeHRMApplicationWebPagesTests.OrangeHRMLogInPageTest" name="validatingLogInTest" time="6.121"/>
  <system-out/>
  <testcase classname="com.OrangeHRMApplicationWebPagesTests.OrangeHRMLogInPageTest" name="validatingLogInPageLogoTest" time="2.514"/>
  <system-out/>
</testsuite> <!-- com.OrangeHRMApplicationWebPagesTests.OrangeHRMLogInPageTest -->
