<?xml version="1.0" encoding="UTF-8"?>
<!-- Generated by org.testng.reporters.JUnitReportReporter -->
<testsuite hostname="MSI" failures="0" tests="11" name="com.OrangeHRMApplicationWebPagesTests.OrangeHRMHomePageTest" time="34.933" errors="0" timestamp="2023-05-28T11:13:17 IST" skipped="0">
  <testcase classname="com.OrangeHRMApplicationWebPagesTests.OrangeHRMHomePageTest" name="validatingLogInPageTextTest" time="1.862"/>
  <system-out/>
  <testcase classname="com.OrangeHRMApplicationWebPagesTests.OrangeHRMHomePageTest" name="validatingLogInTest" time="3.199"/>
  <system-out/>
  <testcase classname="com.OrangeHRMApplicationWebPagesTests.OrangeHRMHomePageTest" name="validatingHomePageAdminTest" time="2.930"/>
  <system-out/>
  <testcase classname="com.OrangeHRMApplicationWebPagesTests.OrangeHRMHomePageTest" name="validatingHomePagePimTest" time="3.066"/>
  <system-out/>
  <testcase classname="com.OrangeHRMApplicationWebPagesTests.OrangeHRMHomePageTest" name="validatingHomePageLeaveTest" time="2.907"/>
  <system-out/>
  <testcase classname="com.OrangeHRMApplicationWebPagesTests.OrangeHRMHomePageTest" name="validatingHomePageTimeTest" time="2.938"/>
  <system-out/>
  <testcase classname="com.OrangeHRMApplicationWebPagesTests.OrangeHRMHomePageTest" name="validatingHomePageRecruitmentTest" time="3.040"/>
  <system-out/>
  <testcase classname="com.OrangeHRMApplicationWebPagesTests.OrangeHRMHomePageTest" name="validatingHomePagePerformanceTest" time="2.426"/>
  <system-out/>
  <testcase classname="com.OrangeHRMApplicationWebPagesTests.OrangeHRMHomePageTest" name="validatingHomePageDashboardTest" time="2.744"/>
  <system-out/>
  <testcase classname="com.OrangeHRMApplicationWebPagesTests.OrangeHRMHomePageTest" name="validatingHomePageDirectoryTest" time="6.479"/>
  <system-out/>
  <testcase classname="com.OrangeHRMApplicationWebPagesTests.OrangeHRMHomePageTest" name="validatingHomePageMaintenanceTest" time="3.342"/>
  <system-out/>
</testsuite> <!-- com.OrangeHRMApplicationWebPagesTests.OrangeHRMHomePageTest -->
