<?xml version="1.0" encoding="UTF-8"?>
<!-- Generated by org.testng.reporters.JUnitReportReporter -->
<testsuite hostname="MSI" failures="0" tests="1" name="com.JQuary.JQuery_DragAndDrop" time="0.343" errors="0" timestamp="2023-05-20T17:40:46 IST" skipped="0">
  <testcase classname="com.JQuary.JQuery_DragAndDrop" name="frame_DragAndDropTest" time="0.343"/>
  <system-out/>
</testsuite> <!-- com.JQuary.JQuery_DragAndDrop -->
