<?xml version="1.0" encoding="UTF-8"?>
<!-- Generated by org.testng.reporters.JUnitReportReporter -->
<testsuite hostname="MSI" failures="0" tests="7" name="com.TestCases.OrangeHRMApplicationTest" time="28.191" errors="0" timestamp="2023-05-18T20:45:44 IST" skipped="0">
  <testcase classname="com.TestCases.OrangeHRMApplicationTest" name="validatingOrangeHRMApplicationLogInPageTest" time="0.045"/>
  <system-out/>
  <testcase classname="com.TestCases.OrangeHRMApplicationTest" name="validatingLogInTest" time="0.949"/>
  <system-out/>
  <testcase classname="com.TestCases.OrangeHRMApplicationTest" name="validationOrangeHRMApplicationHomePageTest" time="0.025"/>
  <system-out/>
  <testcase classname="com.TestCases.OrangeHRMApplicationTest" name="validatingPIMTest" time="0.153"/>
  <system-out/>
  <testcase classname="com.TestCases.OrangeHRMApplicationTest" name="validatingAddEmployeeTest" time="0.454"/>
  <system-out/>
  <testcase classname="com.TestCases.OrangeHRMApplicationTest" name="addNewEmployeeTest" time="16.136"/>
  <system-out/>
  <testcase classname="com.TestCases.OrangeHRMApplicationTest" name="logOutTest" time="10.429"/>
  <system-out/>
</testsuite> <!-- com.TestCases.OrangeHRMApplicationTest -->
