<?xml version="1.0" encoding="UTF-8"?>
<!-- Generated by org.testng.reporters.JUnitReportReporter -->
<testsuite hostname="MSI" failures="0" tests="2" name="com.ApplicationLaunch.AmazonWishlist" time="2.384" errors="0" timestamp="2023-05-13T14:09:12 IST" skipped="0">
  <testcase classname="com.ApplicationLaunch.AmazonWishlist" name="helloSignInMouseOverActionTest" time="0.484"/>
  <system-out/>
  <testcase classname="com.ApplicationLaunch.AmazonWishlist" name="yourWishListTest" time="1.900"/>
  <system-out/>
</testsuite> <!-- com.ApplicationLaunch.AmazonWishlist -->
