<?xml version="1.0" encoding="UTF-8"?>
<!-- Generated by org.testng.reporters.JUnitReportReporter -->
<testsuite hostname="MSI" failures="0" tests="1" name="com.GetTittle.AttributeValueOfSignInElement" time="2.728" errors="0" timestamp="2023-05-13T13:50:31 IST" skipped="0">
  <testcase classname="com.GetTittle.AttributeValueOfSignInElement" name="signInElementAttributeTest" time="2.728"/>
  <system-out/>
</testsuite> <!-- com.GetTittle.AttributeValueOfSignInElement -->
