<?xml version="1.0" encoding="UTF-8"?>
<!-- Generated by org.testng.reporters.JUnitReportReporter -->
<testsuite hostname="MSI" failures="0" tests="1" name="com.ApplicationLaunch.Amazon_HelloSignIn_MouseOverAction" time="0.166" errors="0" timestamp="2023-05-13T14:04:01 IST" skipped="0">
  <testcase classname="com.ApplicationLaunch.Amazon_HelloSignIn_MouseOverAction" name="helloSignInMouseOverActionTest" time="0.166"/>
  <system-out/>
</testsuite> <!-- com.ApplicationLaunch.Amazon_HelloSignIn_MouseOverAction -->
