<?xml version="1.0" encoding="UTF-8"?>
<!-- Generated by org.testng.reporters.JUnitReportReporter -->
<testsuite hostname="MSI" failures="0" tests="1" name="com.TestCases.OrangeHRMAddEmployeeTest" time="3.846" errors="0" timestamp="2023-05-12T12:37:02 IST" skipped="0">
  <testcase classname="com.TestCases.OrangeHRMAddEmployeeTest" name="orangeHRM_ExcelFile" time="3.846"/>
  <system-out/>
</testsuite> <!-- com.TestCases.OrangeHRMAddEmployeeTest -->
