<?xml version="1.0" encoding="UTF-8"?>
<!-- Generated by org.testng.reporters.JUnitReportReporter -->
<testsuite hostname="MSI" failures="0" tests="1" name="com.GetTittle.AutomateSignInElement" time="2.984" errors="0" timestamp="2023-05-13T13:22:27 IST" skipped="0">
  <testcase classname="com.GetTittle.AutomateSignInElement" name="signInFunctionality" time="2.984"/>
  <system-out/>
</testsuite> <!-- com.GetTittle.AutomateSignInElement -->
